<?xml version="1.0" encoding="UTF-8"?>
<!-- Generated by org.testng.reporters.JUnitXMLReporter -->
<testsuite hostname="DESKTOP-T2L4868" ignored="0" name="Tests" tests="9" failures="0" timestamp="2022-11-15T11:26:20 IST" time="0.138" errors="0">
  <testcase name="testmethod" time="0.013" classname="practiseTestng.TestngDummy08"/>
  <testcase name="testmethod" time="0.002" classname="practiseTestng.TestngDummy08"/>
  <testcase name="testmethod" time="0.002" classname="practiseTestng.TestngDummy08"/>
  <testcase name="testmethod1" time="0.002" classname="practiseTestng.TestngDummy09"/>
  <testcase name="testmethod1" time="0.005" classname="practiseTestng.TestngDummy09"/>
  <testcase name="testmethod1" time="0.003" classname="practiseTestng.TestngDummy09"/>
  <testcase name="testmethod2" time="0.002" classname="practiseTestng.TestngDummy09"/>
  <testcase name="testmethod2" time="0.002" classname="practiseTestng.TestngDummy09"/>
  <testcase name="testmethod2" time="0.004" classname="practiseTestng.TestngDummy09"/>
</testsuite> <!-- Tests -->
