<?xml version="1.0" encoding="UTF-8"?>
<!-- Generated by org.testng.reporters.JUnitXMLReporter -->
<testsuite hostname="DESKTOP-T2L4868" ignored="6" name="Test3" tests="2" failures="0" timestamp="2022-11-11T17:20:44 IST" time="0.03" errors="0">
  <testcase name="stringnumberconcat" time="0.001" classname="practiseTestng.TestngDummy11"/>
  <testcase name="stringnumberconcat" time="0.005" classname="practiseTestng.TestngDummy11"/>
  <testcase name="stringsconcat" time="0.0" classname="practiseTestng.TestngDummy11">
    <ignored/>
  </testcase> <!-- stringsconcat -->
  <testcase name="numbersmultiply" time="0.0" classname="practiseTestng.TestngDummy11">
    <ignored/>
  </testcase> <!-- numbersmultiply -->
  <testcase name="numbersdivison" time="0.0" classname="practiseTestng.TestngDummy11">
    <ignored/>
  </testcase> <!-- numbersdivison -->
  <testcase name="numbersaddition" time="0.0" classname="practiseTestng.TestngDummy11">
    <ignored/>
  </testcase> <!-- numbersaddition -->
  <testcase name="stringsconcatupper" time="0.0" classname="practiseTestng.TestngDummy11">
    <ignored/>
  </testcase> <!-- stringsconcatupper -->
  <testcase name="numberssubstract" time="0.0" classname="practiseTestng.TestngDummy11">
    <ignored/>
  </testcase> <!-- numberssubstract -->
</testsuite> <!-- Test3 -->
