<?xml version="1.0" encoding="UTF-8"?>
<!-- Generated by org.testng.reporters.JUnitReportReporter -->
<testsuite skipped="0" hostname="DESKTOP-T2L4868" name="practiseTestng.TestTT" tests="14" failures="0" timestamp="2022-11-11T12:36:46 IST" time="0.049" errors="0">
  <testcase name="stringnumberconcat" time="0.002" classname="practiseTestng.TestTT"/>
  <system-out/>
  <testcase name="numberssubstract" time="0.003" classname="practiseTestng.TestTT"/>
  <system-out/>
  <testcase name="stringsconcatupper" time="0.003" classname="practiseTestng.TestTT"/>
  <system-out/>
  <testcase name="numbersmultiply" time="0.003" classname="practiseTestng.TestTT"/>
  <system-out/>
  <testcase name="numbersaddition" time="0.002" classname="practiseTestng.TestTT"/>
  <system-out/>
  <testcase name="numbersmultiply" time="0.003" classname="practiseTestng.TestTT"/>
  <system-out/>
  <testcase name="stringsconcat" time="0.002" classname="practiseTestng.TestTT"/>
  <system-out/>
  <testcase name="stringsconcatupper" time="0.002" classname="practiseTestng.TestTT"/>
  <system-out/>
  <testcase name="stringsconcat" time="0.003" classname="practiseTestng.TestTT"/>
  <system-out/>
  <testcase name="numbersaddition" time="0.009" classname="practiseTestng.TestTT"/>
  <system-out/>
  <testcase name="numbersdivison" time="0.002" classname="practiseTestng.TestTT"/>
  <system-out/>
  <testcase name="numbersdivison" time="0.006" classname="practiseTestng.TestTT"/>
  <system-out/>
  <testcase name="numberssubstract" time="0.007" classname="practiseTestng.TestTT"/>
  <system-out/>
  <testcase name="stringnumberconcat" time="0.002" classname="practiseTestng.TestTT"/>
  <system-out/>
</testsuite> <!-- practiseTestng.TestTT -->
